0 info it worked if it ends with ok
1 verbose cli [ 'C:\\Program Files\\nodejs\\node.exe',
1 verbose cli   'C:\\Program Files\\nodejs\\node_modules\\npm\\bin\\npm-cli.js',
1 verbose cli   'install',
1 verbose cli   'angular-resource@X.Y.Z' ]
2 info using npm@2.15.9
3 info using node@v4.5.0
4 verbose install initial load of C:\Users\mloomis\neu\webdev\package.json
5 warn package.json web-dev@1.0.0 No repository field.
6 verbose installManyTop reading scoped package data from C:\Users\mloomis\neu\webdev\node_modules\body-parser\package.json
7 verbose installManyTop reading scoped package data from C:\Users\mloomis\neu\webdev\node_modules\express\package.json
8 verbose installManyTop reading scoped package data from C:\Users\mloomis\neu\webdev\node_modules\mime\package.json
9 verbose installManyTop reading scoped package data from C:\Users\mloomis\neu\webdev\node_modules\mongodb\package.json
10 verbose installManyTop reading scoped package data from C:\Users\mloomis\neu\webdev\node_modules\mongoose\package.json
11 verbose installManyTop reading scoped package data from C:\Users\mloomis\neu\webdev\node_modules\multer\package.json
12 info package.json mongodb@2.2.10 No README data
13 info package.json mime@1.3.4 No license field.
14 verbose readDependencies loading dependencies from C:\Users\mloomis\neu\webdev\package.json
15 silly cache add args [ 'angular-resource@X.Y.Z', null ]
16 verbose cache add spec angular-resource@X.Y.Z
17 silly cache add parsed spec Result {
17 silly cache add   raw: 'angular-resource@X.Y.Z',
17 silly cache add   scope: null,
17 silly cache add   name: 'angular-resource',
17 silly cache add   rawSpec: 'X.Y.Z',
17 silly cache add   spec: 'X.Y.Z',
17 silly cache add   type: 'tag' }
18 silly addNamed angular-resource@X.Y.Z
19 verbose addNamed "X.Y.Z" is being treated as a dist-tag for angular-resource
20 info addNameTag [ 'angular-resource', 'X.Y.Z' ]
21 silly mapToRegistry name angular-resource
22 silly mapToRegistry using default registry
23 silly mapToRegistry registry https://registry.npmjs.org/
24 silly mapToRegistry data Result {
24 silly mapToRegistry   raw: 'angular-resource',
24 silly mapToRegistry   scope: null,
24 silly mapToRegistry   name: 'angular-resource',
24 silly mapToRegistry   rawSpec: '',
24 silly mapToRegistry   spec: 'latest',
24 silly mapToRegistry   type: 'tag' }
25 silly mapToRegistry uri https://registry.npmjs.org/angular-resource
26 verbose addNameTag registry:https://registry.npmjs.org/angular-resource not in flight; fetching
27 verbose request uri https://registry.npmjs.org/angular-resource
28 verbose request no auth needed
29 info attempt registry request try #1 at 3:08:22 PM
30 verbose request id 6e45d4ceed677acc
31 http request GET https://registry.npmjs.org/angular-resource
32 http 200 https://registry.npmjs.org/angular-resource
33 verbose headers { server: 'CouchDB/1.5.0 (Erlang OTP/R16B03)',
33 verbose headers   etag: '"C407JG5PF39CYCNWQ8O53FJHN"',
33 verbose headers   'content-type': 'application/json',
33 verbose headers   'content-encoding': 'gzip',
33 verbose headers   'cache-control': 'max-age=300',
33 verbose headers   'content-length': '11370',
33 verbose headers   'accept-ranges': 'bytes',
33 verbose headers   date: 'Sun, 06 Nov 2016 20:08:19 GMT',
33 verbose headers   via: '1.1 varnish',
33 verbose headers   age: '0',
33 verbose headers   connection: 'keep-alive',
33 verbose headers   'x-served-by': 'cache-bos8221-BOS',
33 verbose headers   'x-cache': 'MISS',
33 verbose headers   'x-cache-hits': '0',
33 verbose headers   'x-timer': 'S1478462899.400604,VS0,VE199',
33 verbose headers   vary: 'Accept-Encoding' }
34 silly get cb [ 200,
34 silly get   { server: 'CouchDB/1.5.0 (Erlang OTP/R16B03)',
34 silly get     etag: '"C407JG5PF39CYCNWQ8O53FJHN"',
34 silly get     'content-type': 'application/json',
34 silly get     'content-encoding': 'gzip',
34 silly get     'cache-control': 'max-age=300',
34 silly get     'content-length': '11370',
34 silly get     'accept-ranges': 'bytes',
34 silly get     date: 'Sun, 06 Nov 2016 20:08:19 GMT',
34 silly get     via: '1.1 varnish',
34 silly get     age: '0',
34 silly get     connection: 'keep-alive',
34 silly get     'x-served-by': 'cache-bos8221-BOS',
34 silly get     'x-cache': 'MISS',
34 silly get     'x-cache-hits': '0',
34 silly get     'x-timer': 'S1478462899.400604,VS0,VE199',
34 silly get     vary: 'Accept-Encoding' } ]
35 verbose get saving angular-resource to C:\Users\mloomis\AppData\Roaming\npm-cache\registry.npmjs.org\angular-resource\.cache.json
36 verbose correctMkdir C:\Users\mloomis\AppData\Roaming\npm-cache correctMkdir not in flight; initializing
37 silly addNameTag next cb for angular-resource with tag X.Y.Z
38 verbose stack Error: No compatible version found: angular-resource@'X.Y.Z'
38 verbose stack Valid install targets:
38 verbose stack ["0.0.1","0.0.2","0.1.0","0.1.1","1.3.0-rc.5","1.3.0","1.3.1","1.3.2","1.3.3","1.3.4-build.3587","1.2.27","1.3.4","1.3.5","1.3.6","1.3.7","1.2.28","1.3.8","1.4.0-beta.0","1.3.9","1.3.10","1.4.0-beta.1","1.4.0-beta.2","1.3.11","1.4.0-beta.3","1.3.12","1.3.13","1.4.0-beta.4","1.3.14","1.4.0-beta.5","1.4.0-beta.6","1.3.15","1.4.0-rc.0","1.4.0-rc.1","1.4.0-rc.2","1.4.0","1.3.16","1.4.1","1.4.2","1.3.17","1.4.3","1.4.4","1.3.18","1.4.5","1.3.19","1.4.6","1.5.0-beta.0","1.2.29","1.3.20","1.4.7","1.5.0-beta.2","1.4.8","1.5.0-rc.0","1.5.0-rc.1","1.4.9","1.5.0-rc.2","1.5.0","1.5.1","1.4.10","1.5.2","1.5.3","1.5.5","1.4.11","1.5.6","1.4.12","1.5.7","1.2.30","1.5.8","1.4.13","1.2.31","1.2.32","1.4.14","1.6.0-rc.0"]
38 verbose stack
38 verbose stack     at installTargetsError (C:\Program Files\nodejs\node_modules\npm\lib\cache\add-named.js:284:12)
38 verbose stack     at next (C:\Program Files\nodejs\node_modules\npm\lib\cache\add-named.js:94:10)
38 verbose stack     at RES (C:\Program Files\nodejs\node_modules\npm\node_modules\inflight\inflight.js:23:14)
38 verbose stack     at f (C:\Program Files\nodejs\node_modules\npm\node_modules\once\once.js:17:25)
38 verbose stack     at fixName (C:\Program Files\nodejs\node_modules\npm\lib\cache\add-named.js:29:5)
38 verbose stack     at saved (C:\Program Files\nodejs\node_modules\npm\lib\cache\caching-client.js:173:7)
38 verbose stack     at C:\Program Files\nodejs\node_modules\npm\node_modules\graceful-fs\polyfills.js:210:7
38 verbose stack     at FSReqWrap.oncomplete (fs.js:82:15)
39 verbose cwd C:\Users\mloomis\neu\webdev
40 error Windows_NT 10.0.14393
41 error argv "C:\\Program Files\\nodejs\\node.exe" "C:\\Program Files\\nodejs\\node_modules\\npm\\bin\\npm-cli.js" "install" "angular-resource@X.Y.Z"
42 error node v4.5.0
43 error npm  v2.15.9
44 error code ETARGET
45 error notarget No compatible version found: angular-resource@'X.Y.Z'
45 error notarget Valid install targets:
45 error notarget ["0.0.1","0.0.2","0.1.0","0.1.1","1.3.0-rc.5","1.3.0","1.3.1","1.3.2","1.3.3","1.3.4-build.3587","1.2.27","1.3.4","1.3.5","1.3.6","1.3.7","1.2.28","1.3.8","1.4.0-beta.0","1.3.9","1.3.10","1.4.0-beta.1","1.4.0-beta.2","1.3.11","1.4.0-beta.3","1.3.12","1.3.13","1.4.0-beta.4","1.3.14","1.4.0-beta.5","1.4.0-beta.6","1.3.15","1.4.0-rc.0","1.4.0-rc.1","1.4.0-rc.2","1.4.0","1.3.16","1.4.1","1.4.2","1.3.17","1.4.3","1.4.4","1.3.18","1.4.5","1.3.19","1.4.6","1.5.0-beta.0","1.2.29","1.3.20","1.4.7","1.5.0-beta.2","1.4.8","1.5.0-rc.0","1.5.0-rc.1","1.4.9","1.5.0-rc.2","1.5.0","1.5.1","1.4.10","1.5.2","1.5.3","1.5.5","1.4.11","1.5.6","1.4.12","1.5.7","1.2.30","1.5.8","1.4.13","1.2.31","1.2.32","1.4.14","1.6.0-rc.0"]
45 error notarget
45 error notarget This is most likely not a problem with npm itself.
45 error notarget In most cases you or one of your dependencies are requesting
45 error notarget a package version that doesn't exist.
45 error notarget
45 error notarget It was specified as a dependency of 'web-dev'
46 verbose exit [ 1, true ]
